<?xml version="1.0" encoding="UTF-8"?>
<testsuite name="com.LabMovix.Movix.client.MovixClientApplicationTests" tests="1" skipped="0" failures="0" errors="0" timestamp="2019-11-26T22:22:25" hostname="Agus" time="0.692">
  <properties/>
  <testcase name="contextLoads" classname="com.LabMovix.Movix.client.MovixClientApplicationTests" time="0.692"/>
  <system-out><![CDATA[19:22:18.754 [Test worker] DEBUG org.springframework.test.context.junit4.SpringJUnit4ClassRunner - SpringJUnit4ClassRunner constructor called with [class com.LabMovix.Movix.client.MovixClientApplicationTests]
19:22:18.774 [Test worker] DEBUG org.springframework.test.context.BootstrapUtils - Instantiating CacheAwareContextLoaderDelegate from class [org.springframework.test.context.cache.DefaultCacheAwareContextLoaderDelegate]
19:22:18.806 [Test worker] DEBUG org.springframework.test.context.BootstrapUtils - Instantiating BootstrapContext using constructor [public org.springframework.test.context.support.DefaultBootstrapContext(java.lang.Class,org.springframework.test.context.CacheAwareContextLoaderDelegate)]
19:22:18.862 [Test worker] DEBUG org.springframework.test.context.BootstrapUtils - Instantiating TestContextBootstrapper for test class [com.LabMovix.Movix.client.MovixClientApplicationTests] from class [org.springframework.boot.test.context.SpringBootTestContextBootstrapper]
19:22:18.906 [Test worker] INFO org.springframework.boot.test.context.SpringBootTestContextBootstrapper - Neither @ContextConfiguration nor @ContextHierarchy found for test class [com.LabMovix.Movix.client.MovixClientApplicationTests], using SpringBootContextLoader
19:22:18.914 [Test worker] DEBUG org.springframework.test.context.support.AbstractContextLoader - Did not detect default resource location for test class [com.LabMovix.Movix.client.MovixClientApplicationTests]: class path resource [com/LabMovix/Movix/client/MovixClientApplicationTests-context.xml] does not exist
19:22:18.918 [Test worker] DEBUG org.springframework.test.context.support.AbstractContextLoader - Did not detect default resource location for test class [com.LabMovix.Movix.client.MovixClientApplicationTests]: class path resource [com/LabMovix/Movix/client/MovixClientApplicationTestsContext.groovy] does not exist
19:22:18.918 [Test worker] INFO org.springframework.test.context.support.AbstractContextLoader - Could not detect default resource locations for test class [com.LabMovix.Movix.client.MovixClientApplicationTests]: no resource found for suffixes {-context.xml, Context.groovy}.
19:22:18.918 [Test worker] INFO org.springframework.test.context.support.AnnotationConfigContextLoaderUtils - Could not detect default configuration classes for test class [com.LabMovix.Movix.client.MovixClientApplicationTests]: MovixClientApplicationTests does not declare any static, non-private, non-final, nested classes annotated with @Configuration.
19:22:19.038 [Test worker] DEBUG org.springframework.test.context.support.ActiveProfilesUtils - Could not find an 'annotation declaring class' for annotation type [org.springframework.test.context.ActiveProfiles] and class [com.LabMovix.Movix.client.MovixClientApplicationTests]
19:22:19.363 [Test worker] DEBUG org.springframework.context.annotation.ClassPathScanningCandidateComponentProvider - Identified candidate component class: file [C:\Users\fabia\Desktop\Projects\MovixNewRepo\Lab_TIC1_Proj1_Grupo_4\MovixCli\build\classes\java\main\com\LabMovix\Movix\client\MovixClientApplication.class]
19:22:19.379 [Test worker] INFO org.springframework.boot.test.context.SpringBootTestContextBootstrapper - Found @SpringBootConfiguration com.LabMovix.Movix.client.MovixClientApplication for test class com.LabMovix.Movix.client.MovixClientApplicationTests
19:22:19.735 [Test worker] DEBUG org.springframework.boot.test.context.SpringBootTestContextBootstrapper - @TestExecutionListeners is not present for class [com.LabMovix.Movix.client.MovixClientApplicationTests]: using defaults.
19:22:19.739 [Test worker] INFO org.springframework.boot.test.context.SpringBootTestContextBootstrapper - Loaded default TestExecutionListener class names from location [META-INF/spring.factories]: [org.springframework.boot.test.autoconfigure.restdocs.RestDocsTestExecutionListener, org.springframework.boot.test.autoconfigure.web.client.MockRestServiceServerResetTestExecutionListener, org.springframework.boot.test.autoconfigure.web.servlet.MockMvcPrintOnlyOnFailureTestExecutionListener, org.springframework.boot.test.autoconfigure.web.servlet.WebDriverTestExecutionListener, org.springframework.boot.test.mock.mockito.MockitoTestExecutionListener, org.springframework.boot.test.mock.mockito.ResetMocksTestExecutionListener, org.springframework.test.context.web.ServletTestExecutionListener, org.springframework.test.context.support.DirtiesContextBeforeModesTestExecutionListener, org.springframework.test.context.support.DependencyInjectionTestExecutionListener, org.springframework.test.context.support.DirtiesContextTestExecutionListener, org.springframework.test.context.transaction.TransactionalTestExecutionListener, org.springframework.test.context.jdbc.SqlScriptsTestExecutionListener]
19:22:19.779 [Test worker] DEBUG org.springframework.boot.test.context.SpringBootTestContextBootstrapper - Skipping candidate TestExecutionListener [org.springframework.test.context.transaction.TransactionalTestExecutionListener] due to a missing dependency. Specify custom listener classes or make the default listener classes and their required dependencies available. Offending class: [org/springframework/transaction/interceptor/TransactionAttributeSource]
19:22:19.783 [Test worker] DEBUG org.springframework.boot.test.context.SpringBootTestContextBootstrapper - Skipping candidate TestExecutionListener [org.springframework.test.context.jdbc.SqlScriptsTestExecutionListener] due to a missing dependency. Specify custom listener classes or make the default listener classes and their required dependencies available. Offending class: [org/springframework/transaction/interceptor/TransactionAttribute]
19:22:19.783 [Test worker] INFO org.springframework.boot.test.context.SpringBootTestContextBootstrapper - Using TestExecutionListeners: [org.springframework.test.context.web.ServletTestExecutionListener@da0ba6, org.springframework.test.context.support.DirtiesContextBeforeModesTestExecutionListener@330e2b, org.springframework.boot.test.mock.mockito.MockitoTestExecutionListener@d864b6, org.springframework.boot.test.autoconfigure.SpringBootDependencyInjectionTestExecutionListener@129bfce, org.springframework.test.context.support.DirtiesContextTestExecutionListener@16a0376, org.springframework.boot.test.autoconfigure.restdocs.RestDocsTestExecutionListener@11e0fa6, org.springframework.boot.test.autoconfigure.web.client.MockRestServiceServerResetTestExecutionListener@4e38a7, org.springframework.boot.test.autoconfigure.web.servlet.MockMvcPrintOnlyOnFailureTestExecutionListener@d52b6f, org.springframework.boot.test.autoconfigure.web.servlet.WebDriverTestExecutionListener@131ebf0, org.springframework.boot.test.mock.mockito.ResetMocksTestExecutionListener@51a78f]
19:22:19.791 [Test worker] DEBUG org.springframework.test.annotation.ProfileValueUtils - Retrieved @ProfileValueSourceConfiguration [null] for test class [com.LabMovix.Movix.client.MovixClientApplicationTests]
19:22:19.795 [Test worker] DEBUG org.springframework.test.annotation.ProfileValueUtils - Retrieved ProfileValueSource type [class org.springframework.test.annotation.SystemProfileValueSource] for class [com.LabMovix.Movix.client.MovixClientApplicationTests]
19:22:19.795 [Test worker] DEBUG org.springframework.test.annotation.ProfileValueUtils - Retrieved @ProfileValueSourceConfiguration [null] for test class [com.LabMovix.Movix.client.MovixClientApplicationTests]
19:22:19.795 [Test worker] DEBUG org.springframework.test.annotation.ProfileValueUtils - Retrieved ProfileValueSource type [class org.springframework.test.annotation.SystemProfileValueSource] for class [com.LabMovix.Movix.client.MovixClientApplicationTests]
19:22:19.811 [Test worker] DEBUG org.springframework.test.context.support.AbstractDirtiesContextTestExecutionListener - Before test class: context [DefaultTestContext@14e4f37 testClass = MovixClientApplicationTests, testInstance = [null], testMethod = [null], testException = [null], mergedContextConfiguration = [WebMergedContextConfiguration@1e6f8c2 testClass = MovixClientApplicationTests, locations = '{}', classes = '{class com.LabMovix.Movix.client.MovixClientApplication}', contextInitializerClasses = '[]', activeProfiles = '{}', propertySourceLocations = '{}', propertySourceProperties = '{org.springframework.boot.test.context.SpringBootTestContextBootstrapper=true}', contextCustomizers = set[org.springframework.boot.test.autoconfigure.properties.PropertyMappingContextCustomizer@0, org.springframework.boot.test.autoconfigure.web.servlet.WebDriverContextCustomizerFactory$Customizer@17783e6, org.springframework.boot.test.context.filter.ExcludeFilterContextCustomizer@19ceef1, org.springframework.boot.test.json.DuplicateJsonObjectContextCustomizerFactory$DuplicateJsonObjectContextCustomizer@1480e10, org.springframework.boot.test.mock.mockito.MockitoContextCustomizer@0, org.springframework.boot.test.web.client.TestRestTemplateContextCustomizer@d58168], resourceBasePath = 'src/main/webapp', contextLoader = 'org.springframework.boot.test.context.SpringBootContextLoader', parent = [null]], attributes = map['org.springframework.test.context.web.ServletTestExecutionListener.activateListener' -> true]], class annotated with @DirtiesContext [false] with mode [null].
19:22:19.811 [Test worker] DEBUG org.springframework.test.annotation.ProfileValueUtils - Retrieved @ProfileValueSourceConfiguration [null] for test class [com.LabMovix.Movix.client.MovixClientApplicationTests]
19:22:19.811 [Test worker] DEBUG org.springframework.test.annotation.ProfileValueUtils - Retrieved ProfileValueSource type [class org.springframework.test.annotation.SystemProfileValueSource] for class [com.LabMovix.Movix.client.MovixClientApplicationTests]
19:22:19.875 [Test worker] DEBUG org.springframework.test.context.support.TestPropertySourceUtils - Adding inlined properties to environment: {spring.jmx.enabled=false, org.springframework.boot.test.context.SpringBootTestContextBootstrapper=true, server.port=-1}

  .   ____          _            __ _ _
 /\\ / ___'_ __ _ _(_)_ __  __ _ \ \ \ \
( ( )\___ | '_ | '_| | '_ \/ _` | \ \ \ \
 \\/  ___)| |_)| | | | | || (_| |  ) ) ) )
  '  |____| .__|_| |_|_| |_\__, | / / / /
 =========|_|==============|___/=/_/_/_/
 :: Spring Boot ::        (v2.1.8.RELEASE)

2019-11-26 19:22:20.595  INFO 16252 --- [    Test worker] c.L.M.c.MovixClientApplicationTests      : Starting MovixClientApplicationTests on Agus with PID 16252 (started by fabia in C:\Users\fabia\Desktop\Projects\MovixNewRepo\Lab_TIC1_Proj1_Grupo_4\MovixCli)
2019-11-26 19:22:20.599  INFO 16252 --- [    Test worker] c.L.M.c.MovixClientApplicationTests      : No active profile set, falling back to default profiles: default
2019-11-26 19:22:24.620  INFO 16252 --- [    Test worker] o.s.s.concurrent.ThreadPoolTaskExecutor  : Initializing ExecutorService 'applicationTaskExecutor'
2019-11-26 19:22:25.468  INFO 16252 --- [    Test worker] c.L.M.c.MovixClientApplicationTests      : Started MovixClientApplicationTests in 5.557 seconds (JVM running for 9.036)
]]></system-out>
  <system-err><![CDATA[]]></system-err>
</testsuite>
